<?xml version="1.0" encoding="UTF-8"?>
<!-- Generated by org.testng.reporters.JUnitXMLReporter -->
<testsuite hostname="DESKTOP-OOQP6OA" ignored="0" name="Default test" tests="3" failures="0" timestamp="04 Aug 2018 20:19:33 GMT" time="4.164" errors="0">
  <testcase name="verificationTitle" time="1.846" classname="gov.usd.tests.SPA_536_TC"/>
  <testcase name="hoverOver" time="0.069" classname="gov.usd.tests.SPA_536_TC"/>
  <testcase name="potDownButtonActive" time="0.178" classname="gov.usd.tests.SPA_536_TC"/>
</testsuite> <!-- Default test -->
