<?xml version="1.0" encoding="UTF-8"?>
<!-- Generated by org.testng.reporters.JUnitXMLReporter -->
<testsuite hostname="DESKTOP-8BOHQPS" ignored="0" name="Smoke test" tests="3" failures="0" timestamp="31 Jul 2018 21:30:55 GMT" time="4.592" errors="0">
  <testcase name="titleVerification" time="1.806" classname="gov.usd.tests.SPA_261_TC"/>
  <testcase name="logoVerification" time="0.112" classname="gov.usd.tests.SPA_261_TC"/>
  <testcase name="mainMenuDisplayed" time="0.081" classname="gov.usd.tests.SPA_261_TC"/>
</testsuite> <!-- Smoke test -->
